\BOOKMARK [1][-]{section.0.1}{Introduction}{}% 1
\BOOKMARK [1][-]{section.0.2}{Prosthetic Hand Design}{}% 2
\BOOKMARK [2][-]{subsection.0.2.1}{Anthropomorphism}{section.0.2}% 3
\BOOKMARK [2][-]{subsection.0.2.2}{Finger Design}{section.0.2}% 4
\BOOKMARK [2][-]{subsection.0.2.3}{Palm}{section.0.2}% 5
\BOOKMARK [2][-]{subsection.0.2.4}{Fabrication Techniques and Personalized Design}{section.0.2}% 6
\BOOKMARK [1][-]{section.0.3}{Results \046 Experiments}{}% 7
\BOOKMARK [2][-]{subsection.0.3.1}{Force Exertion Capability}{section.0.3}% 8
\BOOKMARK [2][-]{subsection.0.3.2}{Implementing Various Grasping Postures and Common Gestures}{section.0.3}% 9
\BOOKMARK [2][-]{subsection.0.3.3}{Grasping Everyday Life Objects}{section.0.3}% 10
\BOOKMARK [1][-]{section.0.4}{Necessary Tools and Materials}{}% 11
\BOOKMARK [1][-]{section.0.5}{Parts Reference}{}% 12
\BOOKMARK [2][-]{subsection.0.5.1}{Finger Parts}{section.0.5}% 13
\BOOKMARK [2][-]{subsection.0.5.2}{Palm Parts}{section.0.5}% 14
\BOOKMARK [2][-]{subsection.0.5.3}{Auxiliary Parts}{section.0.5}% 15
\BOOKMARK [2][-]{subsection.0.5.4}{3D Printed Parts}{section.0.5}% 16
\BOOKMARK [2][-]{subsection.0.5.5}{Before Assembling}{section.0.5}% 17
\BOOKMARK [1][-]{section.0.6}{Fingers Assembly}{}% 18
\BOOKMARK [2][-]{subsection.0.6.1}{Assembling the Phalanges}{section.0.6}% 19
\BOOKMARK [2][-]{subsection.0.6.2}{Attaching the Phalanges on the Flexure Joints }{section.0.6}% 20
\BOOKMARK [2][-]{subsection.0.6.3}{Tendon Routing System Assembly}{section.0.6}% 21
\BOOKMARK [2][-]{subsection.0.6.4}{Attaching the Soft Fingetips on the Fingers}{section.0.6}% 22
\BOOKMARK [1][-]{section.0.7}{Hand Assembly}{}% 23
\BOOKMARK [2][-]{subsection.0.7.1}{Attaching the Fingers on the Palm}{section.0.7}% 24
\BOOKMARK [2][-]{subsection.0.7.2}{Building/Attaching the Locking Buttons on the Palm}{section.0.7}% 25
\BOOKMARK [2][-]{subsection.0.7.3}{Building the Thumb Locking Mechanism}{section.0.7}% 26
\BOOKMARK [2][-]{subsection.0.7.4}{Tendon Routing System/Servo Base Assembly \046 Mount On the Palm}{section.0.7}% 27
\BOOKMARK [2][-]{subsection.0.7.5}{Attaching the Thumb Locking Mechanism and Tendon Routing on the Palm}{section.0.7}% 28
\BOOKMARK [2][-]{subsection.0.7.6}{Attaching the Base Flange on the Hand}{section.0.7}% 29
\BOOKMARK [2][-]{subsection.0.7.7}{Hand is Assembled}{section.0.7}% 30
